starting build

**********************************************************************

Test build
compile smash.c

**********************************************************************
gcc smash.c -o smash


test build PASSED (5 of 5)
 (compile smash.c)

starting cd

**********************************************************************

Test cd
cd with argument, and cd without argument

**********************************************************************
/tmp/tmphcRjPj/p/./smash


test cd PASSED (10 of 10)
 (cd with argument, and cd without argument)

starting badcd

**********************************************************************

Test badcd
cd to a bad directory

**********************************************************************
/tmp/tmphcRjPj/p/./smash


test badcd PASSED (5 of 5)
 (cd to a bad directory)

starting exec

**********************************************************************

Test exec
path should be /bin

**********************************************************************
/tmp/tmphcRjPj/p/./smash


test exec PASSED (5 of 5)
 (path should be /bin)

starting badexec

**********************************************************************

Test badexec
run programs that do not exist in /bin

**********************************************************************
/tmp/tmphcRjPj/p/./smash


test badexec PASSED (5 of 5)
 (run programs that do not exist in /bin)

starting path

**********************************************************************

Test path
run path and a program that exists in a given path

**********************************************************************
/tmp/tmphcRjPj/p/./smash
Failure: ./smash returned incorrect status code. Expected 0 got -6


test path FAILED (0 of 5)
 (run path and a program that exists in a given path)
 ./smash returned incorrect status code. Expected 0 got -6

 Test it yourself by running
 smash </u/c/s/cs537-1/tests/p2a/path/in
 and check out the test folder
 /u/c/s/cs537-1/tests/p2a/path
 to compare your output with reference outputs. 

starting path2

**********************************************************************

Test path2
run path with a long pathname and many different paths

**********************************************************************
/tmp/tmphcRjPj/p/./smash


test path2 PASSED (5 of 5)
 (run path with a long pathname and many different paths)

starting line

**********************************************************************

Test line
line with maximum allowed length

**********************************************************************
/tmp/tmphcRjPj/p/./smash


test line PASSED (5 of 5)
 (line with maximum allowed length)

starting whitespace

**********************************************************************

Test whitespace
leading and trailing whitespace, full whitespaces or empty string

**********************************************************************
/tmp/tmphcRjPj/p/./smash


test whitespace PASSED (5 of 5)
 (leading and trailing whitespace, full whitespaces or empty string)

starting rdr

**********************************************************************

Test rdr
simple redirection with no standard error

**********************************************************************
/tmp/tmphcRjPj/p/./smash


test rdr PASSED (10 of 10)
 (simple redirection with no standard error)

starting rdr2

**********************************************************************

Test rdr2
simple redirection with standard error

**********************************************************************
/tmp/tmphcRjPj/p/./smash


test rdr2 PASSED (5 of 5)
 (simple redirection with standard error)

starting par

**********************************************************************

Test par
running commands in parallel

**********************************************************************
/tmp/tmphcRjPj/p/./smash
Failure: ./smash gave incorrect standard output.
Expected: "smash> hi\nsmash>"Got:      "smash> smash>"


test par FAILED (0 of 5)
 (running commands in parallel)
 ./smash gave incorrect standard output.

 Test it yourself by running
 smash </u/c/s/cs537-1/tests/p2a/par/in
 and check out the test folder
 /u/c/s/cs537-1/tests/p2a/par
 to compare your output with reference outputs. 

starting mul

**********************************************************************

Test mul
running multiple commands at once

**********************************************************************
/tmp/tmphcRjPj/p/./smash


test mul PASSED (5 of 5)
 (running multiple commands at once)

**********************************************************************
Summary:
test build PASSED (5 of 5)
 (compile smash.c)

test cd PASSED (10 of 10)
 (cd with argument, and cd without argument)

test badcd PASSED (5 of 5)
 (cd to a bad directory)

test exec PASSED (5 of 5)
 (path should be /bin)

test badexec PASSED (5 of 5)
 (run programs that do not exist in /bin)

test path FAILED (0 of 5)
 (run path and a program that exists in a given path)
 ./smash returned incorrect status code. Expected 0 got -6

 Test it yourself by running
 smash </u/c/s/cs537-1/tests/p2a/path/in
 and check out the test folder
 /u/c/s/cs537-1/tests/p2a/path
 to compare your output with reference outputs. 

test path2 PASSED (5 of 5)
 (run path with a long pathname and many different paths)

test line PASSED (5 of 5)
 (line with maximum allowed length)

test whitespace PASSED (5 of 5)
 (leading and trailing whitespace, full whitespaces or empty string)

test rdr PASSED (10 of 10)
 (simple redirection with no standard error)

test rdr2 PASSED (5 of 5)
 (simple redirection with standard error)

test par FAILED (0 of 5)
 (running commands in parallel)
 ./smash gave incorrect standard output.

 Test it yourself by running
 smash </u/c/s/cs537-1/tests/p2a/par/in
 and check out the test folder
 /u/c/s/cs537-1/tests/p2a/par
 to compare your output with reference outputs. 

test mul PASSED (5 of 5)
 (running multiple commands at once)

Passed 11 of 13 tests.
Overall 11 of 13
Points 65 of 75
